{
  "timestamp": "2024-11-05 19:02:05.897762",
  "device_info": {
    "serial_number": "ADMAJk4wUAUgNDlF",
    "model": "0",
    "git_hash": "863c597794066fa77c94828c0d2eb49614d5ebb0",
    "git_dirty": false,
    "git_timestamp": 1718648350,
    "uuid": "5c12db21-5f01-41f4-9d0a-20d4352053ef"
  },
  "calibration": {
    "invert": false,
    "phase_invert": true,
    "poles": 14,
    "offset": [
      2.789991219253866,
      2.793407707005754,
      2.7221831558061163,
      2.623016342059203,
      2.7503046605591694,
      2.702680165649601,
      2.511180015569177,
      2.5461211055689987,
      2.629093870664004,
      2.590032896931593,
      2.6570220437880683,
      2.6961258612963457,
      2.603517729661645,
      2.786734386764044,
      2.785384682119099,
      2.5595471801000986,
      2.547740980504089,
      2.6191490493750123,
      2.4949471444661144,
      2.5115797213318563,
      2.4807432556678037,
      2.3624252650457067,
      2.4062800603299146,
      2.549873519468856,
      2.471894851857267,
      2.4815470589040776,
      2.6614240673470455,
      2.6271330829795967,
      2.6702695185475265,
      2.6991791314906584,
      2.572660430729038,
      2.6533813967474003,
      2.6938955675536898,
      2.5739830955451404,
      2.4847319922570974,
      2.5483685170753194,
      2.50959407371581,
      2.46439899595295,
      2.512310911807283,
      2.5009550950854638,
      2.586284875044459,
      2.74845248456712,
      2.6413747167761152,
      2.679557658286463,
      2.811881574197174,
      2.7661228018006607,
      2.8164788299862096,
      2.822356588268404,
      2.6904593261335257,
      2.698870788062627,
      2.805405990701598,
      2.6724377215506605,
      2.567119193516728,
      2.6057233074060067,
      2.6284158756642304,
      2.636755859138938,
      2.710550461264114,
      2.6877257290342795,
      2.727582717795616,
      2.9157405534675034,
      2.823291585914485,
      2.7901277015232187,
      2.8536592840182804,
      2.8130238167263406
    ],
    "fit_metric": 22.247173530147045
  },
  "winding_resistance": 0.05439222108113278,
  "inductance": 2.7416130392900948e-05,
  "pid_dq_kp": 0.017226062766439496,
  "pid_dq_ki": 34.17564043218373,
  "torque_bw_hz": 100.0,
  "encoder_filter_bw_hz": 100.0,
  "encoder_filter_kp": 1256.6370614359173,
  "encoder_filter_ki": 394784.17604357435,
  "v_per_hz": 0.12594524680483124,
  "kv": 238.1987471626377,
  "unwrapped_position_scale": 1.0,
  "motor_position_output_sign": 1.0
}
