{
  "timestamp": "2024-11-05 19:05:31.872210",
  "device_info": {
    "serial_number": "AEMAF0swUBkgODhZ",
    "model": "0",
    "git_hash": "863c597794066fa77c94828c0d2eb49614d5ebb0",
    "git_dirty": false,
    "git_timestamp": 1718648350,
    "uuid": "f28a3f15-6ab9-4b66-80d8-f2475509083a"
  },
  "calibration": {
    "invert": false,
    "phase_invert": true,
    "poles": 14,
    "offset": [
      -2.4473673767339332,
      -2.590923594117877,
      -2.469589037850463,
      -2.3735053896818505,
      -2.5772329090533295,
      -2.643414484423897,
      -2.536931296102955,
      -2.573779593772322,
      -2.524101141024097,
      -2.4709895031104834,
      -2.596785157552817,
      -2.550934371513606,
      -2.411483189853656,
      -2.5548552446127464,
      -2.6088871211931703,
      -2.5273462863938287,
      -2.5774734730127506,
      -2.5457734196632162,
      -2.5079026647379847,
      -2.5568738473426422,
      -2.5229420777525586,
      -2.398648377168687,
      -2.4945124227969213,
      -2.555231636246702,
      -2.4508647281694884,
      -2.476481619646234,
      -2.4597988390720356,
      -2.432265681594129,
      -2.4577882917236207,
      -2.4602251319729644,
      -2.297561743419726,
      -2.4223513633545504,
      -2.5401612749711484,
      -2.4874024601559017,
      -2.480782115883451,
      -2.4803560515633714,
      -2.437927353256491,
      -2.4917672862417004,
      -2.532222280469035,
      -2.365116537040876,
      -2.413365504777474,
      -2.5396799325462465,
      -2.5130715875969805,
      -2.477950543114696,
      -2.513476814993234,
      -2.4499555732646883,
      -2.470845470449489,
      -2.573948750469434,
      -2.430719570894053,
      -2.4820876776589573,
      -2.593960079571043,
      -2.50913798901382,
      -2.4373982672604178,
      -2.534655860200643,
      -2.4414684601952277,
      -2.4178163393471492,
      -2.513615802709937,
      -2.3266678428419687,
      -2.3430242439922853,
      -2.5618848933948923,
      -2.501681211189082,
      -2.408801053168522,
      -2.5027168729633367,
      -2.445650753461429
    ],
    "fit_metric": 26.079288402540758
  },
  "winding_resistance": 0.052813140819553836,
  "inductance": 2.5098680098127306e-05,
  "pid_dq_kp": 0.01576996580221542,
  "pid_dq_ki": 33.183475042342714,
  "torque_bw_hz": 100.0,
  "encoder_filter_bw_hz": 100.0,
  "encoder_filter_kp": 1256.6370614359173,
  "encoder_filter_ki": 394784.17604357435,
  "v_per_hz": 0.12794109969214917,
  "kv": 234.4828993355986,
  "unwrapped_position_scale": 1.0,
  "motor_position_output_sign": 1.0
}
