{
  "timestamp": "2024-10-07 19:21:56.887473",
  "device_info": {
    "serial_number": "ADgAHFQwUBggOTNO",
    "model": "0",
    "git_hash": "1ba9e683e207d792060b45ea435dd6905589a7d4",
    "git_dirty": false,
    "git_timestamp": 1704573873,
    "uuid": "efcef908-6ace-4d49-a381-df2a4665fcb2"
  },
  "calibration": {
    "invert": false,
    "phase_invert": true,
    "poles": 14,
    "offset": [
      1.3059051291504817,
      1.4137207586906668,
      1.4603475342481196,
      1.4701346070999646,
      1.3794040356778414,
      1.3694705245109198,
      1.4436875060035703,
      1.3314171658408593,
      1.1947793989882391,
      1.2043595792074098,
      1.271016698447562,
      1.2463008221668104,
      1.3114469394305663,
      1.2999591848242618,
      1.2938047179801404,
      1.4531114380272883,
      1.4488221930308371,
      1.3246723582802624,
      1.386232224296059,
      1.4849828008374029,
      1.4131861115050608,
      1.4094738636464132,
      1.351720031032847,
      1.2816027378847632,
      1.4426360420348896,
      1.4570669057634542,
      1.254075135577129,
      1.2152756879336324,
      1.3478350664820626,
      1.3469941025574554,
      1.4214326460349833,
      1.3923642423703466,
      1.3542453077922652,
      1.5814894991713726,
      1.630271604932827,
      1.5047384696438497,
      1.4400754250426735,
      1.5111426961877932,
      1.4561542971515817,
      1.4948071486318322,
      1.4722727541613905,
      1.3192333052406127,
      1.385308325100394,
      1.4294469583502143,
      1.2987979969158183,
      1.195699096428546,
      1.289086458318018,
      1.298891818440374,
      1.3375003129480991,
      1.3763143356746552,
      1.345768174465212,
      1.4992295212506959,
      1.5513114429576893,
      1.3948403827296758,
      1.3005838660293447,
      1.3941851866876842,
      1.4045838611598083,
      1.4121998358358219,
      1.3380862472511796,
      1.2645145345788955,
      1.322196301106786,
      1.4512592395299775,
      1.3864683227575303,
      1.2148232223265651
    ],
    "fit_metric": 11.771635015773539
  },
  "winding_resistance": 0.05369937878778099,
  "inductance": 2.4637062472620537e-05,
  "pid_dq_kp": 0.015479922894003493,
  "pid_dq_ki": 33.74031478040567,
  "torque_bw_hz": 100.0,
  "encoder_filter_bw_hz": 100.0,
  "encoder_filter_kp": 1256.6370614359173,
  "encoder_filter_ki": 394784.17604357435,
  "v_per_hz": 0.13625901733288182,
  "kv": 220.16891496222794,
  "unwrapped_position_scale": 1.0,
  "motor_position_output_sign": 1.0
}
