{
  "timestamp": "2024-11-05 19:03:49.124617",
  "device_info": {
    "serial_number": "AEYAM0swUBkgODhZ",
    "model": "0",
    "git_hash": "863c597794066fa77c94828c0d2eb49614d5ebb0",
    "git_dirty": false,
    "git_timestamp": 1718648350,
    "uuid": "6a26be1b-fa97-40ed-ac1f-390096443153"
  },
  "calibration": {
    "invert": false,
    "phase_invert": true,
    "poles": 14,
    "offset": [
      0.1095165951199634,
      -0.05517769718485023,
      0.016314428011221356,
      0.012452101488392561,
      0.03514225295105221,
      0.06598048906790252,
      0.011949867121447605,
      0.05719542197212562,
      0.23411322245299604,
      0.1917434268743556,
      0.039132908542907074,
      0.09930374234418078,
      0.08089836577636043,
      0.10847787202622701,
      0.16025627952516602,
      0.07209504167650502,
      0.03676793667809457,
      0.11551782235157515,
      0.1180002807402469,
      -0.023252370015177694,
      -0.018079451033618542,
      -0.039834424894305206,
      -0.03563000303192526,
      0.06539873905656007,
      0.05690428018750793,
      0.06674890636698586,
      0.18589185918969897,
      0.203845721895538,
      0.05055436228816547,
      0.05981503276892834,
      0.05928679124259546,
      0.02631515386411824,
      0.042831058799321704,
      -0.03063278011368991,
      -0.033376680528200774,
      0.0710546260168429,
      0.11135141214779531,
      -0.03604354118708249,
      -0.1042965266643452,
      -0.020491825632221836,
      0.042953399913553805,
      0.13344823106010784,
      0.09839999781347596,
      0.10795161953550521,
      0.20288976914500284,
      0.27333308170405746,
      0.16899215027406309,
      0.039946145316825304,
      0.0715777529498385,
      0.0237357332241832,
      0.09564253787187202,
      0.11739799040385941,
      0.07383448916691945,
      0.0946627769966667,
      0.1874885680506644,
      0.1518963654836283,
      0.05733432947978623,
      0.14170620327441144,
      0.12666521452642918,
      0.1738620619354777,
      0.17641380773694193,
      0.13010517622333423,
      0.17236157986794978,
      0.22142953910812324
    ],
    "fit_metric": 20.936373706766318
  },
  "winding_resistance": 0.05074575598049168,
  "inductance": 2.5295934770450085e-05,
  "pid_dq_kp": 0.01589390456810652,
  "pid_dq_ki": 31.884498837834595,
  "torque_bw_hz": 100.0,
  "encoder_filter_bw_hz": 100.0,
  "encoder_filter_kp": 1256.6370614359173,
  "encoder_filter_ki": 394784.17604357435,
  "v_per_hz": 0.1450220460647788,
  "kv": 206.86509957665007,
  "unwrapped_position_scale": 1.0,
  "motor_position_output_sign": 1.0
}
